********************************************************************************
product = WebSphere Application Server 20.0.0.4 (wlp-1.0.39.cl200420200401-1714)
wlp.install.dir = /home/fk/Documents/ear-target-in-archive/ear-target-in-archive-ear/target/liberty/wlp/
java.home = /home/fk/.sdkman/candidates/java/14.0.0.j9-adpt
java.version = 14
java.runtime = OpenJDK Runtime Environment (14+36)
os = Linux (4.15.0-96-generic; amd64) (en_US)
process = 5202@lenovo
********************************************************************************
[4/25/20, 12:00:19:613 CEST] 00000001 com.ibm.ws.kernel.launch.internal.FrameworkManager           A CWWKE0001I: The server defaultServer has been launched.
[4/25/20, 12:00:19:704 CEST] 00000001 com.ibm.ws.kernel.launch.internal.FrameworkManager           A CWWKE0100I: This product is licensed for development, and limited production use. The full license terms can be viewed here: https://public.dhe.ibm.com/ibmdl/export/pub/software/websphere/wasdev/license/base_ilan/ilan/20.0.0.4/lafiles/en.html
[4/25/20, 12:00:21:213 CEST] 00000001 com.ibm.ws.kernel.launch.internal.FrameworkManager           I CWWKE0002I: The kernel started after 2.007 seconds
[4/25/20, 12:00:21:357 CEST] 00000030 com.ibm.ws.kernel.feature.internal.FeatureManager            I CWWKF0007I: Feature update started.
[4/25/20, 12:00:29:761 CEST] 00000024 com.ibm.ws.security.registry.basic.internal.BasicRegistry    W CWWKS3103W: There are no users defined for the BasicRegistry configuration of ID com.ibm.ws.security.registry.basic.config[basic].
[4/25/20, 12:00:29:812 CEST] 00000024 com.ibm.ws.security.ready.internal.SecurityReadyServiceImpl  I CWWKS0007I: The security service is starting...
[4/25/20, 12:00:30:454 CEST] 00000028 com.ibm.ws.annocache.service                                 I OSGi Work Path [ /home/fk/Documents/ear-target-in-archive/ear-target-in-archive-ear/target/liberty/wlp/usr/servers/defaultServer/workarea/org.eclipse.osgi/40/data ]
[4/25/20, 12:00:30:712 CEST] 00000027 com.ibm.ws.app.manager.internal.monitor.DropinMonitor        A CWWKZ0058I: Monitoring dropins for applications.
[4/25/20, 12:00:31:517 CEST] 00000028 .apache.cxf.cxf.core.3.2:1.0.39.cl200420200401-1714(id=203)] I Aries Blueprint packages not available. So namespaces will not be registered
[4/25/20, 12:00:31:717 CEST] 00000025 com.ibm.ws.cache.ServerCache                                 I DYNA1001I: WebSphere Dynamic Cache instance named baseCache initialized successfully.
[4/25/20, 12:00:31:721 CEST] 00000025 com.ibm.ws.cache.ServerCache                                 I DYNA1071I: The cache provider default is being used.
[4/25/20, 12:00:31:723 CEST] 00000025 com.ibm.ws.cache.CacheServiceImpl                            I DYNA1056I: Dynamic Cache (object cache) initialized successfully.
[4/25/20, 12:00:32:067 CEST] 0000002c com.ibm.ws.ssl.config.WSKeyStore                             A CWPKI0820A: The default keystore has been created using the 'keystore_password' environment variable.
[4/25/20, 12:00:32:072 CEST] 0000002c com.ibm.ws.ssl.config.WSKeyStore                             I CWPKI0802I: Creating the SSL certificate. This may take a few seconds.
[4/25/20, 12:00:32:096 CEST] 0000003b com.ibm.ws.security.token.ltpa.internal.LTPAKeyInfoManager   I CWWKS4103I: Creating the LTPA keys. This may take a few seconds.
[4/25/20, 12:00:32:142 CEST] 00000024 ibm.ws.security.authentication.internal.jaas.JAASServiceImpl I CWWKS1123I: The collective authentication plugin with class name NullCollectiveAuthenticationPlugin has been activated. 
[4/25/20, 12:00:32:353 CEST] 00000024 com.ibm.ws.security.jaspi.AuthConfigFactoryWrapper           I CWWKS1655I: The default Java Authentication SPI for Containers (JASPIC) AuthConfigFactory class com.ibm.ws.security.jaspi.ProviderRegistry is being used because the Java security property authconfigprovider.factory is not set. 
[4/25/20, 12:00:33:075 CEST] 00000024 com.ibm.ws.sib.utils.ras.SibMessage                          I  CWSIS1553I: The minimum reserved size in the configuration information of the permanent store file is 20,971,520 bytes. The maximum size is 209,715,200 bytes.
[4/25/20, 12:00:33:078 CEST] 00000024 com.ibm.ws.sib.utils.ras.SibMessage                          I  CWSIS1557I: The minimum reserved size in the configuration information of the temporary store file is 20,971,520 bytes. The maximum size is 209,715,200 bytes.
[4/25/20, 12:00:33:120 CEST] 0000003b com.ibm.ws.security.token.ltpa.internal.LTPAKeyInfoManager   A CWWKS4104A: LTPA keys created in 1.024 seconds. LTPA key file: /home/fk/Documents/ear-target-in-archive/ear-target-in-archive-ear/target/liberty/wlp/usr/servers/defaultServer/resources/security/ltpa.keys
[4/25/20, 12:00:33:126 CEST] 0000003b com.ibm.ws.security.ready.internal.SecurityReadyServiceImpl  I CWWKS0008I: The security service is ready.
[4/25/20, 12:00:33:126 CEST] 0000003b com.ibm.ws.security.token.ltpa.internal.LTPAKeyCreateTask    I CWWKS4105I: LTPA configuration is ready after 1.033 seconds.
[4/25/20, 12:00:33:646 CEST] 00000024 com.ibm.ws.sib.utils.ras.SibMessage                          I  CWSID0108I: JMS server has started.  
[4/25/20, 12:00:33:848 CEST] 00000024 org.apache.cxf.bus.osgi.CXFActivator                         I Adding the extensions from bundle com.ibm.ws.org.apache.cxf.cxf.rt.transports.http.3.2 (199) [org.apache.cxf.transport.http.HTTPTransportFactory, org.apache.cxf.transport.http.HTTPWSDLExtensionLoader, org.apache.cxf.transport.http.policy.HTTPClientAssertionBuilder, org.apache.cxf.transport.http.policy.HTTPServerAssertionBuilder, org.apache.cxf.transport.http.policy.NoOpPolicyInterceptorProvider]
[4/25/20, 12:00:33:854 CEST] 00000024 org.apache.cxf.bus.osgi.CXFActivator                         I Adding the extensions from bundle com.ibm.ws.org.apache.cxf.cxf.core.3.2 (203) [org.apache.cxf.phase.PhaseManager, org.apache.cxf.workqueue.WorkQueueManager, org.apache.cxf.buslifecycle.BusLifeCycleManager, org.apache.cxf.endpoint.ServerRegistry, org.apache.cxf.endpoint.EndpointResolverRegistry, org.apache.cxf.headers.HeaderManager, org.apache.cxf.service.factory.FactoryBeanListenerManager, org.apache.cxf.endpoint.ServerLifeCycleManager, org.apache.cxf.endpoint.ClientLifeCycleManager, org.apache.cxf.resource.ResourceManager, org.apache.cxf.catalog.OASISCatalogManager, org.apache.cxf.transport.http.HTTPTransportFactory, org.apache.cxf.transport.http.HTTPConduitFactory, org.apache.cxf.transport.ConduitInitiator]
[4/25/20, 12:00:33:873 CEST] 00000024 org.apache.cxf.bus.osgi.CXFActivator                         I Adding the extensions from bundle com.ibm.ws.org.apache.cxf.cxf.rt.ws.addr.2.6.2 (262) [org.apache.cxf.ws.addressing.policy.AddressingAssertionBuilder, org.apache.cxf.ws.addressing.policy.UsingAddressingAssertionBuilder, org.apache.cxf.ws.addressing.policy.AddressingPolicyInterceptorProvider, org.apache.cxf.ws.addressing.impl.AddressingWSDLExtensionLoader, org.apache.cxf.ws.addressing.WSAddressingFeature$WSAddressingFeatureApplier, org.apache.cxf.ws.addressing.MAPAggregator$MAPAggregatorLoader]
[4/25/20, 12:00:33:874 CEST] 00000024 org.apache.cxf.bus.osgi.CXFActivator                         I Adding the extensions from bundle com.ibm.ws.org.apache.cxf.cxf.rt.bindings.soap.2.6.2 (263) [org.apache.cxf.binding.soap.SoapBindingFactory, org.apache.cxf.binding.soap.SoapTransportFactory]
[4/25/20, 12:00:33:874 CEST] 00000024 org.apache.cxf.bus.osgi.CXFActivator                         I Adding the extensions from bundle com.ibm.ws.org.apache.cxf.cxf.rt.bindings.xml.2.6.2 (269) [org.apache.cxf.binding.xml.XMLBindingFactory, org.apache.cxf.binding.xml.wsdl11.XMLWSDLExtensionLoader]
[4/25/20, 12:00:33:875 CEST] 00000024 org.apache.cxf.bus.osgi.CXFActivator                         I Adding the extensions from bundle com.ibm.ws.org.apache.cxf.cxf.rt.frontend.jaxws.2.6.2 (271) [org.apache.cxf.jaxws.context.WebServiceContextResourceResolver]
[4/25/20, 12:00:33:875 CEST] 00000024 org.apache.cxf.bus.osgi.CXFActivator                         I Adding the extensions from bundle com.ibm.ws.org.apache.cxf.cxf.rt.management.2.6.2 (273) [org.apache.cxf.management.InstrumentationManager]
[4/25/20, 12:00:33:875 CEST] 00000024 org.apache.cxf.bus.osgi.CXFActivator                         I Adding the extensions from bundle com.ibm.ws.org.apache.cxf.cxf.rt.transports.http.2.6.2 (278) [org.apache.cxf.transport.http.HTTPTransportFactory, org.apache.cxf.transport.http.HTTPWSDLExtensionLoader, org.apache.cxf.transport.http.policy.HTTPClientAssertionBuilder, org.apache.cxf.transport.http.policy.HTTPServerAssertionBuilder, org.apache.cxf.transport.http.policy.NoOpPolicyInterceptorProvider]
[4/25/20, 12:00:33:876 CEST] 00000024 org.apache.cxf.bus.osgi.CXFActivator                         I Adding the extensions from bundle com.ibm.ws.org.apache.cxf.cxf.rt.ws.policy.2.6.2 (279) [org.apache.cxf.ws.policy.PolicyEngine, org.apache.cxf.policy.PolicyDataEngine, org.apache.cxf.ws.policy.AssertionBuilderRegistry, org.apache.cxf.ws.policy.PolicyInterceptorProviderRegistry, org.apache.cxf.ws.policy.PolicyBuilder, org.apache.cxf.ws.policy.PolicyAnnotationListener, org.apache.cxf.ws.policy.attachment.ServiceModelPolicyProvider, org.apache.cxf.ws.policy.attachment.external.DomainExpressionBuilderRegistry, org.apache.cxf.ws.policy.attachment.external.EndpointReferenceDomainExpressionBuilder, org.apache.cxf.ws.policy.attachment.wsdl11.Wsdl11AttachmentPolicyProvider, org.apache.cxf.ws.policy.mtom.MTOMAssertionBuilder, org.apache.cxf.ws.policy.mtom.MTOMPolicyInterceptorProvider]
[4/25/20, 12:00:34:095 CEST] 0000002c com.ibm.ws.ssl.config.WSKeyStore                             A CWPKI0803A: SSL certificate created in 2.023 seconds. SSL key file: /home/fk/Documents/ear-target-in-archive/ear-target-in-archive-ear/target/liberty/wlp/usr/servers/defaultServer/resources/security/key.p12
[4/25/20, 12:00:34:096 CEST] 0000002c com.ibm.ws.ssl.config.WSKeyStore                             I Successfully loaded default keystore: /home/fk/Documents/ear-target-in-archive/ear-target-in-archive-ear/target/liberty/wlp/usr/servers/defaultServer/resources/security/key.p12 of type: PKCS12
[4/25/20, 12:00:34:592 CEST] 00000027 com.ibm.ws.transport.iiop.internal.ORBWrapperInternal        A CWWKI0001I: The CORBA name server is now available at corbaloc:iiop:localhost:2809/NameService.
[4/25/20, 12:00:35:659 CEST] 0000003b com.ibm.ws.app.manager.AppMessageHelper                      I CWWKZ0018I: Starting application ear-target-in-archive-ear.
[4/25/20, 12:00:35:660 CEST] 0000003b bm.ws.app.manager.ear.internal.EARDeployedAppInfoFactoryImpl I CWWKZ0134I: The ear-target-in-archive-ear application is using the loose application definition at the /home/fk/Documents/ear-target-in-archive/ear-target-in-archive-ear/target/liberty/wlp/usr/servers/defaultServer/dropins/ear-target-in-archive-ear.ear.xml location.
[4/25/20, 12:00:35:693 CEST] 0000003b com.ibm.ws.app.manager.ear.internal.EARDeployedAppInfo       E CWWKZ0117E: Application ear-target-in-archive-ear failed to locate module ear-target-in-archive-web.war of type web
[4/25/20, 12:00:35:711 CEST] 0000003b om.ibm.ws.app.manager.ear.internal.EARApplicationHandlerImpl E CWWKZ0124E: Application ear-target-in-archive-ear does not contain any modules.
[4/25/20, 12:00:35:712 CEST] 0000003b com.ibm.ws.app.manager.AppMessageHelper                      A CWWKZ0012I: The application ear-target-in-archive-ear was not started.
[4/25/20, 12:00:35:750 CEST] 00000030 com.ibm.ws.tcpchannel.internal.TCPPort                       I CWWKO0219I: TCP Channel defaultHttpEndpoint has been started and is now listening for requests on host localhost  (IPv4: 127.0.0.1) port 9080.
[4/25/20, 12:00:35:752 CEST] 00000030 com.ibm.ws.tcpchannel.internal.TCPPort                       I CWWKO0219I: TCP Channel wasJmsEndpoint534 has been started and is now listening for requests on host localhost  (IPv4: 127.0.0.1) port 7276.
[4/25/20, 12:00:35:752 CEST] 00000030 com.ibm.ws.tcpchannel.internal.TCPPort                       I CWWKO0219I: TCP Channel defaultHttpEndpoint-ssl has been started and is now listening for requests on host localhost  (IPv4: 127.0.0.1) port 9443.
[4/25/20, 12:00:35:752 CEST] 00000030 com.ibm.ws.tcpchannel.internal.TCPPort                       I CWWKO0219I: TCP Channel wasJmsEndpoint534-ssl has been started and is now listening for requests on host localhost  (IPv4: 127.0.0.1) port 7286.
[4/25/20, 12:00:35:805 CEST] 00000030 com.ibm.ws.kernel.feature.internal.FeatureManager            A CWWKF0012I: The server installed the following features: [appClientSupport-1.0, appSecurity-2.0, appSecurity-3.0, batch-1.0, beanValidation-2.0, cdi-2.0, concurrent-1.0, distributedMap-1.0, ejb-3.2, ejbHome-3.2, ejbLite-3.2, ejbPersistentTimer-3.2, ejbRemote-3.2, el-3.0, j2eeManagement-1.1, jacc-1.5, jaspic-1.1, javaMail-1.6, javaee-8.0, jaxb-2.2, jaxrs-2.1, jaxrsClient-2.1, jaxws-2.2, jca-1.7, jcaInboundSecurity-1.0, jdbc-4.2, jms-2.0, jndi-1.0, jpa-2.2, jpaContainer-2.2, jsf-2.3, jsonb-1.0, jsonp-1.1, jsp-2.3, managedBeans-1.0, mdb-3.2, servlet-4.0, ssl-1.0, wasJmsClient-2.0, wasJmsSecurity-1.0, wasJmsServer-1.0, webProfile-8.0, websocket-1.1].
[4/25/20, 12:00:35:806 CEST] 00000030 com.ibm.ws.kernel.feature.internal.FeatureManager            I CWWKF0008I: Feature update completed in 14.596 seconds.
[4/25/20, 12:00:35:806 CEST] 00000030 com.ibm.ws.kernel.feature.internal.FeatureManager            A CWWKF0011I: The defaultServer server is ready to run a smarter planet. The defaultServer server started in 16.603 seconds.
[4/25/20, 12:14:00:273 CEST] 00000021 com.ibm.ws.kernel.launch.internal.FrameworkManager           A CWWKE0085I: The server defaultServer is stopping because the JVM is exiting.
[4/25/20, 12:14:00:276 CEST] 00000064 com.ibm.ws.runtime.update.internal.RuntimeUpdateManagerImpl  A CWWKE1100I: Waiting for up to 30 seconds for the server to quiesce.
[4/25/20, 12:14:00:281 CEST] 0000003f com.ibm.ws.tcpchannel.internal.TCPChannel                    I CWWKO0220I: TCP Channel defaultHttpEndpoint-ssl has stopped listening for requests on host localhost  (IPv4: 127.0.0.1) port 9443.
[4/25/20, 12:14:00:284 CEST] 00000040 com.ibm.ws.tcpchannel.internal.TCPChannel                    I CWWKO0220I: TCP Channel defaultHttpEndpoint has stopped listening for requests on host localhost  (IPv4: 127.0.0.1) port 9080.
[4/25/20, 12:14:00:285 CEST] 0000003f com.ibm.ws.tcpchannel.internal.TCPChannel                    I CWWKO0220I: TCP Channel wasJmsEndpoint534 has stopped listening for requests on host localhost  (IPv4: 127.0.0.1) port 7276.
[4/25/20, 12:14:00:300 CEST] 0000003f com.ibm.ws.tcpchannel.internal.TCPChannel                    I CWWKO0220I: TCP Channel wasJmsEndpoint534-ssl has stopped listening for requests on host localhost  (IPv4: 127.0.0.1) port 7286.
[4/25/20, 12:14:00:477 CEST] 00000022 com.ibm.ws.kernel.launch.internal.ServerCommandListener      A CWWKE0055I: Server shutdown requested on Saturday, April 25, 2020 at 12:14 PM. The server defaultServer is shutting down.
[4/25/20, 12:14:01:301 CEST] 00000064 com.ibm.ws.runtime.update.internal.RuntimeUpdateManagerImpl  I CWWKE1101I: Server quiesce complete.
[4/25/20, 12:14:01:481 CEST] 00000064 com.ibm.ws.transport.iiop.internal.ORBWrapperInternal        A CWWKI0002I: The CORBA name server is no longer available at corbaloc:iiop:localhost:2809/NameService.
[4/25/20, 12:14:01:714 CEST] 00000064 com.ibm.ws.sib.utils.ras.SibMessage                          I  CWSIS1589I: The file store has stopped successfully.
[4/25/20, 12:14:01:970 CEST] 00000064 com.ibm.ws.sib.utils.ras.SibMessage                          I  CWSID0121I: JMS server stopped.  
[4/25/20, 12:14:02:189 CEST] 00000064 com.ibm.ws.security.ready.internal.SecurityReadyServiceImpl  I CWWKS0009I: The security service has stopped.
[4/25/20, 12:14:02:211 CEST] 00000064 ibm.ws.security.authentication.internal.jaas.JAASServiceImpl I CWWKS1124I: The collective authentication plugin with class name NullCollectiveAuthenticationPlugin has been deactivated. 
[4/25/20, 12:14:02:499 CEST] 00000001 com.ibm.ws.kernel.launch.internal.FrameworkManager           A CWWKE0036I: The server defaultServer stopped after 13 minutes, 43.295 seconds.
